# JRE version: Java(TM) SE Runtime Environment (8.0_60-b27) (build 1.8.0_60-b27)
# Java VM: Java HotSpot(TM) 64-Bit Server VM (25.60-b23 mixed mode linux-amd64 compressed oops)
Heap:
 PSYoungGen      total 1142784K, used 0K [0x000000076ab00000, 0x00000007bfb80000, 0x00000007c0000000)
  eden space 903680K, 0% used [0x000000076ab00000,0x000000076ab00000,0x00000007a1d80000)
  from space 239104K, 0% used [0x00000007a1d80000,0x00000007a1d80000,0x00000007b0700000)
  to   space 235520K, 0% used [0x00000007b1580000,0x00000007b1580000,0x00000007bfb80000)
 ParOldGen       total 800256K, used 734437K [0x00000006c0000000, 0x00000006f0d80000, 0x000000076ab00000)
  object space 800256K, 91% used [0x00000006c0000000,0x00000006ecd394b8,0x00000006f0d80000)
 Metaspace       used 101938K, capacity 108546K, committed 109616K, reserved 1144832K
  class space    used 12937K, capacity 14249K, committed 14384K, reserved 1048576K
GC Heap History (10 events):
Event: 4758.774 GC heap after
Heap after GC invocations=136 (full 17):
 PSYoungGen      total 1135104K, used 123018K [0x000000076ab00000, 0x00000007bf780000, 0x00000007c0000000)
  eden space 875520K, 0% used [0x000000076ab00000,0x000000076ab00000,0x00000007a0200000)
  from space 259584K, 47% used [0x00000007a0200000,0x00000007a7a22ab8,0x00000007aff80000)
  to   space 253440K, 0% used [0x00000007b0000000,0x00000007b0000000,0x00000007bf780000)
 ParOldGen       total 800256K, used 120863K [0x00000006c0000000, 0x00000006f0d80000, 0x000000076ab00000)
  object space 800256K, 15% used [0x00000006c0000000,0x00000006c7607ef8,0x00000006f0d80000)
 Metaspace       used 101938K, capacity 108546K, committed 109616K, reserved 1144832K
  class space    used 12937K, capacity 14249K, committed 14384K, reserved 1048576K
}
Event: 4759.835 GC heap before
{Heap before GC invocations=137 (full 17):
 PSYoungGen      total 1135104K, used 998538K [0x000000076ab00000, 0x00000007bf780000, 0x00000007c0000000)
  eden space 875520K, 100% used [0x000000076ab00000,0x00000007a0200000,0x00000007a0200000)
  from space 259584K, 47% used [0x00000007a0200000,0x00000007a7a22ab8,0x00000007aff80000)
  to   space 253440K, 0% used [0x00000007b0000000,0x00000007b0000000,0x00000007bf780000)
 ParOldGen       total 800256K, used 120863K [0x00000006c0000000, 0x00000006f0d80000, 0x000000076ab00000)
  object space 800256K, 15% used [0x00000006c0000000,0x00000006c7607ef8,0x00000006f0d80000)
 Metaspace       used 101938K, capacity 108546K, committed 109616K, reserved 1144832K
  class space    used 12937K, capacity 14249K, committed 14384K, reserved 1048576K
Event: 4760.666 GC heap after
Heap after GC invocations=137 (full 17):
 PSYoungGen      total 1132544K, used 128204K [0x000000076ab00000, 0x00000007bf200000, 0x00000007c0000000)
  eden space 884736K, 0% used [0x000000076ab00000,0x000000076ab00000,0x00000007a0b00000)
  from space 247808K, 51% used [0x00000007b0000000,0x00000007b7d33308,0x00000007bf200000)
  to   space 249344K, 0% used [0x00000007a0b00000,0x00000007a0b00000,0x00000007afe80000)
 ParOldGen       total 800256K, used 243480K [0x00000006c0000000, 0x00000006f0d80000, 0x000000076ab00000)
  object space 800256K, 30% used [0x00000006c0000000,0x00000006cedc6398,0x00000006f0d80000)
 Metaspace       used 101938K, capacity 108546K, committed 109616K, reserved 1144832K
  class space    used 12937K, capacity 14249K, committed 14384K, reserved 1048576K
}
Event: 4761.726 GC heap before
{Heap before GC invocations=138 (full 17):
 PSYoungGen      total 1132544K, used 1012940K [0x000000076ab00000, 0x00000007bf200000, 0x00000007c0000000)
  eden space 884736K, 100% used [0x000000076ab00000,0x00000007a0b00000,0x00000007a0b00000)
  from space 247808K, 51% used [0x00000007b0000000,0x00000007b7d33308,0x00000007bf200000)
  to   space 249344K, 0% used [0x00000007a0b00000,0x00000007a0b00000,0x00000007afe80000)
 ParOldGen       total 800256K, used 243480K [0x00000006c0000000, 0x00000006f0d80000, 0x000000076ab00000)
  object space 800256K, 30% used [0x00000006c0000000,0x00000006cedc6398,0x00000006f0d80000)
 Metaspace       used 101938K, capacity 108546K, committed 109616K, reserved 1144832K
  class space    used 12937K, capacity 14249K, committed 14384K, reserved 1048576K
Event: 4762.045 GC heap after
Heap after GC invocations=138 (full 17):
 PSYoungGen      total 1134080K, used 128153K [0x000000076ab00000, 0x00000007bf880000, 0x00000007c0000000)
  eden space 884736K, 0% used [0x000000076ab00000,0x000000076ab00000,0x00000007a0b00000)
  from space 249344K, 51% used [0x00000007a0b00000,0x00000007a88264b8,0x00000007afe80000)
  to   space 244736K, 0% used [0x00000007b0980000,0x00000007b0980000,0x00000007bf880000)
 ParOldGen       total 800256K, used 370953K [0x00000006c0000000, 0x00000006f0d80000, 0x000000076ab00000)
  object space 800256K, 46% used [0x00000006c0000000,0x00000006d6a42520,0x00000006f0d80000)
 Metaspace       used 101938K, capacity 108546K, committed 109616K, reserved 1144832K
  class space    used 12937K, capacity 14249K, committed 14384K, reserved 1048576K
}
Event: 4763.275 GC heap before
{Heap before GC invocations=139 (full 17):
 PSYoungGen      total 1134080K, used 1012889K [0x000000076ab00000, 0x00000007bf880000, 0x00000007c0000000)
  eden space 884736K, 100% used [0x000000076ab00000,0x00000007a0b00000,0x00000007a0b00000)
  from space 249344K, 51% used [0x00000007a0b00000,0x00000007a88264b8,0x00000007afe80000)
  to   space 244736K, 0% used [0x00000007b0980000,0x00000007b0980000,0x00000007bf880000)
 ParOldGen       total 800256K, used 370953K [0x00000006c0000000, 0x00000006f0d80000, 0x000000076ab00000)
  object space 800256K, 46% used [0x00000006c0000000,0x00000006d6a42520,0x00000006f0d80000)
 Metaspace       used 101938K, capacity 108546K, committed 109616K, reserved 1144832K
  class space    used 12937K, capacity 14249K, committed 14384K, reserved 1048576K
Event: 4763.763 GC heap after
Heap after GC invocations=139 (full 17):
 PSYoungGen      total 1140224K, used 126485K [0x000000076ab00000, 0x00000007bf080000, 0x00000007c0000000)
  eden space 903680K, 0% used [0x000000076ab00000,0x000000076ab00000,0x00000007a1d80000)
  from space 236544K, 53% used [0x00000007b0980000,0x00000007b8505658,0x00000007bf080000)
  to   space 239104K, 0% used [0x00000007a1d80000,0x00000007a1d80000,0x00000007b0700000)
 ParOldGen       total 800256K, used 498404K [0x00000006c0000000, 0x00000006f0d80000, 0x000000076ab00000)
  object space 800256K, 62% used [0x00000006c0000000,0x00000006de6b93b0,0x00000006f0d80000)
 Metaspace       used 101938K, capacity 108546K, committed 109616K, reserved 1144832K
  class space    used 12937K, capacity 14249K, committed 14384K, reserved 1048576K
}
Event: 4764.776 GC heap before
{Heap before GC invocations=140 (full 17):
 PSYoungGen      total 1140224K, used 1030165K [0x000000076ab00000, 0x00000007bf080000, 0x00000007c0000000)
  eden space 903680K, 100% used [0x000000076ab00000,0x00000007a1d80000,0x00000007a1d80000)
  from space 236544K, 53% used [0x00000007b0980000,0x00000007b8505658,0x00000007bf080000)
  to   space 239104K, 0% used [0x00000007a1d80000,0x00000007a1d80000,0x00000007b0700000)
 ParOldGen       total 800256K, used 498404K [0x00000006c0000000, 0x00000006f0d80000, 0x000000076ab00000)
  object space 800256K, 62% used [0x00000006c0000000,0x00000006de6b93b0,0x00000006f0d80000)
 Metaspace       used 101938K, capacity 108546K, committed 109616K, reserved 1144832K
  class space    used 12937K, capacity 14249K, committed 14384K, reserved 1048576K
Event: 4765.161 GC heap after
Heap after GC invocations=140 (full 17):
 PSYoungGen      total 1142784K, used 131697K [0x000000076ab00000, 0x00000007bfb80000, 0x00000007c0000000)
  eden space 903680K, 0% used [0x000000076ab00000,0x000000076ab00000,0x00000007a1d80000)
  from space 239104K, 55% used [0x00000007a1d80000,0x00000007a9e1c730,0x00000007b0700000)
  to   space 235520K, 0% used [0x00000007b1580000,0x00000007b1580000,0x00000007bfb80000)
 ParOldGen       total 800256K, used 624862K [0x00000006c0000000, 0x00000006f0d80000, 0x000000076ab00000)
  object space 800256K, 78% used [0x00000006c0000000,0x00000006e6237998,0x00000006f0d80000)
 Metaspace       used 101938K, capacity 108546K, committed 109616K, reserved 1144832K
  class space    used 12937K, capacity 14249K, committed 14384K, reserved 1048576K
}
Event: 4765.161 GC heap before
{Heap before GC invocations=141 (full 18):
 PSYoungGen      total 1142784K, used 131697K [0x000000076ab00000, 0x00000007bfb80000, 0x00000007c0000000)
  eden space 903680K, 0% used [0x000000076ab00000,0x000000076ab00000,0x00000007a1d80000)
  from space 239104K, 55% used [0x00000007a1d80000,0x00000007a9e1c730,0x00000007b0700000)
  to   space 235520K, 0% used [0x00000007b1580000,0x00000007b1580000,0x00000007bfb80000)
 ParOldGen       total 800256K, used 624862K [0x00000006c0000000, 0x00000006f0d80000, 0x000000076ab00000)
  object space 800256K, 78% used [0x00000006c0000000,0x00000006e6237998,0x00000006f0d80000)
 Metaspace       used 101938K, capacity 108546K, committed 109616K, reserved 1144832K
  class space    used 12937K, capacity 14249K, committed 14384K, reserved 1048576K

