# JRE version: Java(TM) SE Runtime Environment (8.0_60-b27) (build 1.8.0_60-b27)
# Java VM: Java HotSpot(TM) 64-Bit Server VM (25.60-b23 mixed mode linux-amd64 compressed oops)
Heap:
 PSYoungGen      total 1150464K, used 0K [0x000000076ab00000, 0x00000007c0000000, 0x00000007c0000000)
  eden space 902144K, 0% used [0x000000076ab00000,0x000000076ab00000,0x00000007a1c00000)
  from space 248320K, 0% used [0x00000007b0d80000,0x00000007b0d80000,0x00000007c0000000)
  to   space 247296K, 0% used [0x00000007a1c00000,0x00000007a1c00000,0x00000007b0d80000)
 ParOldGen       total 686080K, used 565787K [0x00000006c0000000, 0x00000006e9e00000, 0x000000076ab00000)
  object space 686080K, 82% used [0x00000006c0000000,0x00000006e2886f00,0x00000006e9e00000)
 Metaspace       used 138648K, capacity 145862K, committed 146584K, reserved 1177600K
  class space    used 17224K, capacity 18701K, committed 18864K, reserved 1048576K
GC Heap History (10 events):
Event: 4167.213 GC heap after
Heap after GC invocations=105 (full 13):
 PSYoungGen      total 1139200K, used 22552K [0x000000076ab00000, 0x00000007bed80000, 0x00000007c0000000)
  eden space 921088K, 0% used [0x000000076ab00000,0x000000076ab00000,0x00000007a2e80000)
  from space 218112K, 10% used [0x00000007b1880000,0x00000007b2e86010,0x00000007bed80000)
  to   space 228864K, 0% used [0x00000007a2e80000,0x00000007a2e80000,0x00000007b0e00000)
 ParOldGen       total 686080K, used 167223K [0x00000006c0000000, 0x00000006e9e00000, 0x000000076ab00000)
  object space 686080K, 24% used [0x00000006c0000000,0x00000006ca34de28,0x00000006e9e00000)
 Metaspace       used 138909K, capacity 146246K, committed 146584K, reserved 1177600K
  class space    used 17274K, capacity 18793K, committed 18864K, reserved 1048576K
}
Event: 4176.813 GC heap before
{Heap before GC invocations=106 (full 13):
 PSYoungGen      total 1139200K, used 943640K [0x000000076ab00000, 0x00000007bed80000, 0x00000007c0000000)
  eden space 921088K, 100% used [0x000000076ab00000,0x00000007a2e80000,0x00000007a2e80000)
  from space 218112K, 10% used [0x00000007b1880000,0x00000007b2e86010,0x00000007bed80000)
  to   space 228864K, 0% used [0x00000007a2e80000,0x00000007a2e80000,0x00000007b0e00000)
 ParOldGen       total 686080K, used 167223K [0x00000006c0000000, 0x00000006e9e00000, 0x000000076ab00000)
  object space 686080K, 24% used [0x00000006c0000000,0x00000006ca34de28,0x00000006e9e00000)
 Metaspace       used 138928K, capacity 146320K, committed 146584K, reserved 1177600K
  class space    used 17275K, capacity 18794K, committed 18864K, reserved 1048576K
Event: 4177.043 GC heap after
Heap after GC invocations=106 (full 13):
 PSYoungGen      total 1149952K, used 64718K [0x000000076ab00000, 0x00000007bec80000, 0x00000007c0000000)
  eden space 921088K, 0% used [0x000000076ab00000,0x000000076ab00000,0x00000007a2e80000)
  from space 228864K, 28% used [0x00000007a2e80000,0x00000007a6db39f8,0x00000007b0e00000)
  to   space 213504K, 0% used [0x00000007b1c00000,0x00000007b1c00000,0x00000007bec80000)
 ParOldGen       total 686080K, used 180492K [0x00000006c0000000, 0x00000006e9e00000, 0x000000076ab00000)
  object space 686080K, 26% used [0x00000006c0000000,0x00000006cb043080,0x00000006e9e00000)
 Metaspace       used 138928K, capacity 146320K, committed 146584K, reserved 1177600K
  class space    used 17275K, capacity 18794K, committed 18864K, reserved 1048576K
}
Event: 4179.147 GC heap before
{Heap before GC invocations=107 (full 13):
 PSYoungGen      total 1149952K, used 985806K [0x000000076ab00000, 0x00000007bec80000, 0x00000007c0000000)
  eden space 921088K, 100% used [0x000000076ab00000,0x00000007a2e80000,0x00000007a2e80000)
  from space 228864K, 28% used [0x00000007a2e80000,0x00000007a6db39f8,0x00000007b0e00000)
  to   space 213504K, 0% used [0x00000007b1c00000,0x00000007b1c00000,0x00000007bec80000)
 ParOldGen       total 686080K, used 180492K [0x00000006c0000000, 0x00000006e9e00000, 0x000000076ab00000)
  object space 686080K, 26% used [0x00000006c0000000,0x00000006cb043080,0x00000006e9e00000)
 Metaspace       used 138928K, capacity 146320K, committed 146584K, reserved 1177600K
  class space    used 17275K, capacity 18794K, committed 18864K, reserved 1048576K
Event: 4179.503 GC heap after
Heap after GC invocations=107 (full 13):
 PSYoungGen      total 1127936K, used 183586K [0x000000076ab00000, 0x00000007c0000000, 0x00000007c0000000)
  eden space 914432K, 0% used [0x000000076ab00000,0x000000076ab00000,0x00000007a2800000)
  from space 213504K, 85% used [0x00000007b1c00000,0x00000007bcf48a70,0x00000007bec80000)
  to   space 241664K, 0% used [0x00000007a2800000,0x00000007a2800000,0x00000007b1400000)
 ParOldGen       total 686080K, used 180492K [0x00000006c0000000, 0x00000006e9e00000, 0x000000076ab00000)
  object space 686080K, 26% used [0x00000006c0000000,0x00000006cb043080,0x00000006e9e00000)
 Metaspace       used 138928K, capacity 146320K, committed 146584K, reserved 1177600K
  class space    used 17275K, capacity 18794K, committed 18864K, reserved 1048576K
}
Event: 4181.596 GC heap before
{Heap before GC invocations=108 (full 13):
 PSYoungGen      total 1127936K, used 1098018K [0x000000076ab00000, 0x00000007c0000000, 0x00000007c0000000)
  eden space 914432K, 100% used [0x000000076ab00000,0x00000007a2800000,0x00000007a2800000)
  from space 213504K, 85% used [0x00000007b1c00000,0x00000007bcf48a70,0x00000007bec80000)
  to   space 241664K, 0% used [0x00000007a2800000,0x00000007a2800000,0x00000007b1400000)
 ParOldGen       total 686080K, used 180492K [0x00000006c0000000, 0x00000006e9e00000, 0x000000076ab00000)
  object space 686080K, 26% used [0x00000006c0000000,0x00000006cb043080,0x00000006e9e00000)
 Metaspace       used 138928K, capacity 146320K, committed 146584K, reserved 1177600K
  class space    used 17275K, capacity 18794K, committed 18864K, reserved 1048576K
Event: 4182.275 GC heap after
Heap after GC invocations=108 (full 13):
 PSYoungGen      total 1054720K, used 139950K [0x000000076ab00000, 0x00000007c0000000, 0x00000007c0000000)
  eden space 914432K, 0% used [0x000000076ab00000,0x000000076ab00000,0x00000007a2800000)
  from space 140288K, 99% used [0x00000007a2800000,0x00000007ab0ab998,0x00000007ab100000)
  to   space 248320K, 0% used [0x00000007b0d80000,0x00000007b0d80000,0x00000007c0000000)
 ParOldGen       total 686080K, used 364101K [0x00000006c0000000, 0x00000006e9e00000, 0x000000076ab00000)
  object space 686080K, 53% used [0x00000006c0000000,0x00000006d6391420,0x00000006e9e00000)
 Metaspace       used 138928K, capacity 146320K, committed 146584K, reserved 1177600K
  class space    used 17275K, capacity 18794K, committed 18864K, reserved 1048576K
}
Event: 4184.727 GC heap before
{Heap before GC invocations=109 (full 13):
 PSYoungGen      total 1054720K, used 1054382K [0x000000076ab00000, 0x00000007c0000000, 0x00000007c0000000)
  eden space 914432K, 100% used [0x000000076ab00000,0x00000007a2800000,0x00000007a2800000)
  from space 140288K, 99% used [0x00000007a2800000,0x00000007ab0ab998,0x00000007ab100000)
  to   space 248320K, 0% used [0x00000007b0d80000,0x00000007b0d80000,0x00000007c0000000)
 ParOldGen       total 686080K, used 364101K [0x00000006c0000000, 0x00000006e9e00000, 0x000000076ab00000)
  object space 686080K, 53% used [0x00000006c0000000,0x00000006d6391420,0x00000006e9e00000)
 Metaspace       used 138928K, capacity 146320K, committed 146584K, reserved 1177600K
  class space    used 17275K, capacity 18794K, committed 18864K, reserved 1048576K
Event: 4185.210 GC heap after
Heap after GC invocations=109 (full 13):
 PSYoungGen      total 1150464K, used 127440K [0x000000076ab00000, 0x00000007c0000000, 0x00000007c0000000)
  eden space 902144K, 0% used [0x000000076ab00000,0x000000076ab00000,0x00000007a1c00000)
  from space 248320K, 51% used [0x00000007b0d80000,0x00000007b89f4318,0x00000007c0000000)
  to   space 247296K, 0% used [0x00000007a1c00000,0x00000007a1c00000,0x00000007b0d80000)
 ParOldGen       total 686080K, used 503782K [0x00000006c0000000, 0x00000006e9e00000, 0x000000076ab00000)
  object space 686080K, 73% used [0x00000006c0000000,0x00000006debf9bc0,0x00000006e9e00000)
 Metaspace       used 138928K, capacity 146320K, committed 146584K, reserved 1177600K
  class space    used 17275K, capacity 18794K, committed 18864K, reserved 1048576K
}
Event: 4185.211 GC heap before
{Heap before GC invocations=110 (full 14):
 PSYoungGen      total 1150464K, used 127440K [0x000000076ab00000, 0x00000007c0000000, 0x00000007c0000000)
  eden space 902144K, 0% used [0x000000076ab00000,0x000000076ab00000,0x00000007a1c00000)
  from space 248320K, 51% used [0x00000007b0d80000,0x00000007b89f4318,0x00000007c0000000)
  to   space 247296K, 0% used [0x00000007a1c00000,0x00000007a1c00000,0x00000007b0d80000)
 ParOldGen       total 686080K, used 503782K [0x00000006c0000000, 0x00000006e9e00000, 0x000000076ab00000)
  object space 686080K, 73% used [0x00000006c0000000,0x00000006debf9bc0,0x00000006e9e00000)
 Metaspace       used 138928K, capacity 146320K, committed 146584K, reserved 1177600K
  class space    used 17275K, capacity 18794K, committed 18864K, reserved 1048576K

