# JRE version: Java(TM) SE Runtime Environment (8.0_60-b27) (build 1.8.0_60-b27)
# Java VM: Java HotSpot(TM) 64-Bit Server VM (25.60-b23 mixed mode linux-amd64 compressed oops)
Heap:
 PSYoungGen      total 848384K, used 156193K [0x000000076ab00000, 0x00000007c0000000, 0x00000007c0000000)
  eden space 504832K, 0% used [0x000000076ab00000,0x000000076ab00000,0x0000000789800000)
  from space 343552K, 45% used [0x00000007ab080000,0x00000007b4908758,0x00000007c0000000)
  to   space 446464K, 0% used [0x0000000789800000,0x0000000789800000,0x00000007a4c00000)
 ParOldGen       total 466944K, used 466464K [0x00000006c0000000, 0x00000006dc800000, 0x000000076ab00000)
  object space 466944K, 99% used [0x00000006c0000000,0x00000006dc788380,0x00000006dc800000)
 Metaspace       used 92738K, capacity 96913K, committed 97048K, reserved 1134592K
  class space    used 11887K, capacity 12749K, committed 12848K, reserved 1048576K
GC Heap History (10 events):
Event: 553.231 GC heap after
Heap after GC invocations=31 (full 7):
 PSYoungGen      total 1117696K, used 101367K [0x000000076ab00000, 0x00000007be400000, 0x00000007c0000000)
  eden space 900096K, 0% used [0x000000076ab00000,0x000000076ab00000,0x00000007a1a00000)
  from space 217600K, 46% used [0x00000007b0f80000,0x00000007b727dd60,0x00000007be400000)
  to   space 234496K, 0% used [0x00000007a1a00000,0x00000007a1a00000,0x00000007aff00000)
 ParOldGen       total 466944K, used 151234K [0x00000006c0000000, 0x00000006dc800000, 0x000000076ab00000)
  object space 466944K, 32% used [0x00000006c0000000,0x00000006c93b0840,0x00000006dc800000)
 Metaspace       used 92731K, capacity 96913K, committed 97048K, reserved 1134592K
  class space    used 11887K, capacity 12749K, committed 12848K, reserved 1048576K
}
Event: 555.945 GC heap before
{Heap before GC invocations=32 (full 7):
 PSYoungGen      total 1117696K, used 1001463K [0x000000076ab00000, 0x00000007be400000, 0x00000007c0000000)
  eden space 900096K, 100% used [0x000000076ab00000,0x00000007a1a00000,0x00000007a1a00000)
  from space 217600K, 46% used [0x00000007b0f80000,0x00000007b727dd60,0x00000007be400000)
  to   space 234496K, 0% used [0x00000007a1a00000,0x00000007a1a00000,0x00000007aff00000)
 ParOldGen       total 466944K, used 151234K [0x00000006c0000000, 0x00000006dc800000, 0x000000076ab00000)
  object space 466944K, 32% used [0x00000006c0000000,0x00000006c93b0840,0x00000006dc800000)
 Metaspace       used 92733K, capacity 96913K, committed 97048K, reserved 1134592K
  class space    used 11887K, capacity 12749K, committed 12848K, reserved 1048576K
Event: 556.426 GC heap after
Heap after GC invocations=32 (full 7):
 PSYoungGen      total 1119232K, used 218734K [0x000000076ab00000, 0x00000007c0000000, 0x00000007c0000000)
  eden space 900096K, 0% used [0x000000076ab00000,0x000000076ab00000,0x00000007a1a00000)
  from space 219136K, 99% used [0x00000007a1a00000,0x00000007aef9bb70,0x00000007af000000)
  to   space 267264K, 0% used [0x00000007afb00000,0x00000007afb00000,0x00000007c0000000)
 ParOldGen       total 466944K, used 151234K [0x00000006c0000000, 0x00000006dc800000, 0x000000076ab00000)
  object space 466944K, 32% used [0x00000006c0000000,0x00000006c93b0840,0x00000006dc800000)
 Metaspace       used 92733K, capacity 96913K, committed 97048K, reserved 1134592K
  class space    used 11887K, capacity 12749K, committed 12848K, reserved 1048576K
}
Event: 559.626 GC heap before
{Heap before GC invocations=33 (full 7):
 PSYoungGen      total 1119232K, used 1118830K [0x000000076ab00000, 0x00000007c0000000, 0x00000007c0000000)
  eden space 900096K, 100% used [0x000000076ab00000,0x00000007a1a00000,0x00000007a1a00000)
  from space 219136K, 99% used [0x00000007a1a00000,0x00000007aef9bb70,0x00000007af000000)
  to   space 267264K, 0% used [0x00000007afb00000,0x00000007afb00000,0x00000007c0000000)
 ParOldGen       total 466944K, used 151234K [0x00000006c0000000, 0x00000006dc800000, 0x000000076ab00000)
  object space 466944K, 32% used [0x00000006c0000000,0x00000006c93b0840,0x00000006dc800000)
 Metaspace       used 92734K, capacity 96913K, committed 97048K, reserved 1134592K
  class space    used 11887K, capacity 12749K, committed 12848K, reserved 1048576K
Event: 560.348 GC heap after
Heap after GC invocations=33 (full 7):
 PSYoungGen      total 977920K, used 267260K [0x000000076ab00000, 0x00000007c0000000, 0x00000007c0000000)
  eden space 710656K, 0% used [0x000000076ab00000,0x000000076ab00000,0x0000000796100000)
  from space 267264K, 99% used [0x00000007afb00000,0x00000007bffff120,0x00000007c0000000)
  to   space 343552K, 0% used [0x0000000796100000,0x0000000796100000,0x00000007ab080000)
 ParOldGen       total 466944K, used 238068K [0x00000006c0000000, 0x00000006dc800000, 0x000000076ab00000)
  object space 466944K, 50% used [0x00000006c0000000,0x00000006ce87d3f8,0x00000006dc800000)
 Metaspace       used 92734K, capacity 96913K, committed 97048K, reserved 1134592K
  class space    used 11887K, capacity 12749K, committed 12848K, reserved 1048576K
}
Event: 563.068 GC heap before
{Heap before GC invocations=34 (full 7):
 PSYoungGen      total 977920K, used 977916K [0x000000076ab00000, 0x00000007c0000000, 0x00000007c0000000)
  eden space 710656K, 100% used [0x000000076ab00000,0x0000000796100000,0x0000000796100000)
  from space 267264K, 99% used [0x00000007afb00000,0x00000007bffff120,0x00000007c0000000)
  to   space 343552K, 0% used [0x0000000796100000,0x0000000796100000,0x00000007ab080000)
 ParOldGen       total 466944K, used 238068K [0x00000006c0000000, 0x00000006dc800000, 0x000000076ab00000)
  object space 466944K, 50% used [0x00000006c0000000,0x00000006ce87d3f8,0x00000006dc800000)
 Metaspace       used 92734K, capacity 96913K, committed 97048K, reserved 1134592K
  class space    used 11887K, capacity 12749K, committed 12848K, reserved 1048576K
Event: 563.847 GC heap after
Heap after GC invocations=34 (full 7):
 PSYoungGen      total 1054208K, used 343529K [0x000000076ab00000, 0x00000007c0000000, 0x00000007c0000000)
  eden space 710656K, 0% used [0x000000076ab00000,0x000000076ab00000,0x0000000796100000)
  from space 343552K, 99% used [0x0000000796100000,0x00000007ab07a560,0x00000007ab080000)
  to   space 343552K, 0% used [0x00000007ab080000,0x00000007ab080000,0x00000007c0000000)
 ParOldGen       total 466944K, used 256964K [0x00000006c0000000, 0x00000006dc800000, 0x000000076ab00000)
  object space 466944K, 55% used [0x00000006c0000000,0x00000006cfaf10b8,0x00000006dc800000)
 Metaspace       used 92734K, capacity 96913K, committed 97048K, reserved 1134592K
  class space    used 11887K, capacity 12749K, committed 12848K, reserved 1048576K
}
Event: 566.353 GC heap before
{Heap before GC invocations=35 (full 7):
 PSYoungGen      total 1054208K, used 1054185K [0x000000076ab00000, 0x00000007c0000000, 0x00000007c0000000)
  eden space 710656K, 100% used [0x000000076ab00000,0x0000000796100000,0x0000000796100000)
  from space 343552K, 99% used [0x0000000796100000,0x00000007ab07a560,0x00000007ab080000)
  to   space 343552K, 0% used [0x00000007ab080000,0x00000007ab080000,0x00000007c0000000)
 ParOldGen       total 466944K, used 256964K [0x00000006c0000000, 0x00000006dc800000, 0x000000076ab00000)
  object space 466944K, 55% used [0x00000006c0000000,0x00000006cfaf10b8,0x00000006dc800000)
 Metaspace       used 92738K, capacity 96913K, committed 97048K, reserved 1134592K
  class space    used 11887K, capacity 12749K, committed 12848K, reserved 1048576K
Event: 567.290 GC heap after
Heap after GC invocations=35 (full 7):
 PSYoungGen      total 848384K, used 325639K [0x000000076ab00000, 0x00000007c0000000, 0x00000007c0000000)
  eden space 504832K, 0% used [0x000000076ab00000,0x000000076ab00000,0x0000000789800000)
  from space 343552K, 94% used [0x00000007ab080000,0x00000007bee81da8,0x00000007c0000000)
  to   space 446464K, 0% used [0x0000000789800000,0x0000000789800000,0x00000007a4c00000)
 ParOldGen       total 466944K, used 375634K [0x00000006c0000000, 0x00000006dc800000, 0x000000076ab00000)
  object space 466944K, 80% used [0x00000006c0000000,0x00000006d6ed4830,0x00000006dc800000)
 Metaspace       used 92738K, capacity 96913K, committed 97048K, reserved 1134592K
  class space    used 11887K, capacity 12749K, committed 12848K, reserved 1048576K
}
Event: 567.290 GC heap before
{Heap before GC invocations=36 (full 8):
 PSYoungGen      total 848384K, used 325639K [0x000000076ab00000, 0x00000007c0000000, 0x00000007c0000000)
  eden space 504832K, 0% used [0x000000076ab00000,0x000000076ab00000,0x0000000789800000)
  from space 343552K, 94% used [0x00000007ab080000,0x00000007bee81da8,0x00000007c0000000)
  to   space 446464K, 0% used [0x0000000789800000,0x0000000789800000,0x00000007a4c00000)
 ParOldGen       total 466944K, used 375634K [0x00000006c0000000, 0x00000006dc800000, 0x000000076ab00000)
  object space 466944K, 80% used [0x00000006c0000000,0x00000006d6ed4830,0x00000006dc800000)
 Metaspace       used 92738K, capacity 96913K, committed 97048K, reserved 1134592K
  class space    used 11887K, capacity 12749K, committed 12848K, reserved 1048576K

