# JRE version: Java(TM) SE Runtime Environment (8.0_60-b27) (build 1.8.0_60-b27)
# Java VM: Java HotSpot(TM) 64-Bit Server VM (25.60-b23 mixed mode linux-amd64 compressed oops)
Heap:
 PSYoungGen      total 819712K, used 136744K [0x000000076ab00000, 0x00000007c0000000, 0x00000007c0000000)
  eden space 465920K, 0% used [0x000000076ab00000,0x000000076ab00000,0x0000000787200000)
  from space 353792K, 38% used [0x00000007aa680000,0x00000007b2c0a380,0x00000007c0000000)
  to   space 465920K, 0% used [0x0000000787200000,0x0000000787200000,0x00000007a3900000)
 ParOldGen       total 491520K, used 491395K [0x00000006c0000000, 0x00000006de000000, 0x000000076ab00000)
  object space 491520K, 99% used [0x00000006c0000000,0x00000006ddfe0db0,0x00000006de000000)
 Metaspace       used 92836K, capacity 97032K, committed 97688K, reserved 1134592K
  class space    used 11887K, capacity 12783K, committed 12976K, reserved 1048576K
GC Heap History (10 events):
Event: 473.075 GC heap after
Heap after GC invocations=31 (full 7):
 PSYoungGen      total 1122816K, used 106997K [0x000000076ab00000, 0x00000007bea80000, 0x00000007c0000000)
  eden space 895488K, 0% used [0x000000076ab00000,0x000000076ab00000,0x00000007a1580000)
  from space 227328K, 47% used [0x00000007b0c80000,0x00000007b74fd588,0x00000007bea80000)
  to   space 240128K, 0% used [0x00000007a1580000,0x00000007a1580000,0x00000007b0000000)
 ParOldGen       total 491520K, used 164910K [0x00000006c0000000, 0x00000006de000000, 0x000000076ab00000)
  object space 491520K, 33% used [0x00000006c0000000,0x00000006ca10b858,0x00000006de000000)
 Metaspace       used 93320K, capacity 97492K, committed 97688K, reserved 1134592K
  class space    used 11942K, capacity 12855K, committed 12976K, reserved 1048576K
}
Event: 475.078 GC heap before
{Heap before GC invocations=32 (full 7):
 PSYoungGen      total 1122816K, used 1002485K [0x000000076ab00000, 0x00000007bea80000, 0x00000007c0000000)
  eden space 895488K, 100% used [0x000000076ab00000,0x00000007a1580000,0x00000007a1580000)
  from space 227328K, 47% used [0x00000007b0c80000,0x00000007b74fd588,0x00000007bea80000)
  to   space 240128K, 0% used [0x00000007a1580000,0x00000007a1580000,0x00000007b0000000)
 ParOldGen       total 491520K, used 164910K [0x00000006c0000000, 0x00000006de000000, 0x000000076ab00000)
  object space 491520K, 33% used [0x00000006c0000000,0x00000006ca10b858,0x00000006de000000)
 Metaspace       used 93324K, capacity 97556K, committed 97688K, reserved 1134592K
  class space    used 11942K, capacity 12855K, committed 12976K, reserved 1048576K
Event: 475.329 GC heap after
Heap after GC invocations=32 (full 7):
 PSYoungGen      total 1122304K, used 226653K [0x000000076ab00000, 0x00000007c0000000, 0x00000007c0000000)
  eden space 895488K, 0% used [0x000000076ab00000,0x000000076ab00000,0x00000007a1580000)
  from space 226816K, 99% used [0x00000007a1580000,0x00000007af2d7788,0x00000007af300000)
  to   space 274944K, 0% used [0x00000007af380000,0x00000007af380000,0x00000007c0000000)
 ParOldGen       total 491520K, used 164910K [0x00000006c0000000, 0x00000006de000000, 0x000000076ab00000)
  object space 491520K, 33% used [0x00000006c0000000,0x00000006ca10b858,0x00000006de000000)
 Metaspace       used 93324K, capacity 97556K, committed 97688K, reserved 1134592K
  class space    used 11942K, capacity 12855K, committed 12976K, reserved 1048576K
}
Event: 478.324 GC heap before
{Heap before GC invocations=33 (full 7):
 PSYoungGen      total 1122304K, used 1122141K [0x000000076ab00000, 0x00000007c0000000, 0x00000007c0000000)
  eden space 895488K, 100% used [0x000000076ab00000,0x00000007a1580000,0x00000007a1580000)
  from space 226816K, 99% used [0x00000007a1580000,0x00000007af2d7788,0x00000007af300000)
  to   space 274944K, 0% used [0x00000007af380000,0x00000007af380000,0x00000007c0000000)
 ParOldGen       total 491520K, used 164910K [0x00000006c0000000, 0x00000006de000000, 0x000000076ab00000)
  object space 491520K, 33% used [0x00000006c0000000,0x00000006ca10b858,0x00000006de000000)
 Metaspace       used 93324K, capacity 97556K, committed 97688K, reserved 1134592K
  class space    used 11942K, capacity 12855K, committed 12976K, reserved 1048576K
Event: 478.798 GC heap after
Heap after GC invocations=33 (full 7):
 PSYoungGen      total 966144K, used 274940K [0x000000076ab00000, 0x00000007c0000000, 0x00000007c0000000)
  eden space 691200K, 0% used [0x000000076ab00000,0x000000076ab00000,0x0000000794e00000)
  from space 274944K, 99% used [0x00000007af380000,0x00000007bffff370,0x00000007c0000000)
  to   space 353280K, 0% used [0x0000000794e00000,0x0000000794e00000,0x00000007aa700000)
 ParOldGen       total 491520K, used 252323K [0x00000006c0000000, 0x00000006de000000, 0x000000076ab00000)
  object space 491520K, 51% used [0x00000006c0000000,0x00000006cf668ef0,0x00000006de000000)
 Metaspace       used 93324K, capacity 97556K, committed 97688K, reserved 1134592K
  class space    used 11942K, capacity 12855K, committed 12976K, reserved 1048576K
}
Event: 480.555 GC heap before
{Heap before GC invocations=34 (full 7):
 PSYoungGen      total 966144K, used 966140K [0x000000076ab00000, 0x00000007c0000000, 0x00000007c0000000)
  eden space 691200K, 100% used [0x000000076ab00000,0x0000000794e00000,0x0000000794e00000)
  from space 274944K, 99% used [0x00000007af380000,0x00000007bffff370,0x00000007c0000000)
  to   space 353280K, 0% used [0x0000000794e00000,0x0000000794e00000,0x00000007aa700000)
 ParOldGen       total 491520K, used 252323K [0x00000006c0000000, 0x00000006de000000, 0x000000076ab00000)
  object space 491520K, 51% used [0x00000006c0000000,0x00000006cf668ef0,0x00000006de000000)
 Metaspace       used 93327K, capacity 97556K, committed 97688K, reserved 1134592K
  class space    used 11942K, capacity 12855K, committed 12976K, reserved 1048576K
Event: 481.040 GC heap after
Heap after GC invocations=34 (full 7):
 PSYoungGen      total 1043968K, used 352305K [0x000000076ab00000, 0x00000007c0000000, 0x00000007c0000000)
  eden space 691200K, 0% used [0x000000076ab00000,0x000000076ab00000,0x0000000794e00000)
  from space 352768K, 99% used [0x0000000794e00000,0x00000007aa60c598,0x00000007aa680000)
  to   space 353792K, 0% used [0x00000007aa680000,0x00000007aa680000,0x00000007c0000000)
 ParOldGen       total 491520K, used 268467K [0x00000006c0000000, 0x00000006de000000, 0x000000076ab00000)
  object space 491520K, 54% used [0x00000006c0000000,0x00000006d062ce48,0x00000006de000000)
 Metaspace       used 93327K, capacity 97556K, committed 97688K, reserved 1134592K
  class space    used 11942K, capacity 12855K, committed 12976K, reserved 1048576K
}
Event: 483.587 GC heap before
{Heap before GC invocations=35 (full 7):
 PSYoungGen      total 1043968K, used 1043505K [0x000000076ab00000, 0x00000007c0000000, 0x00000007c0000000)
  eden space 691200K, 100% used [0x000000076ab00000,0x0000000794e00000,0x0000000794e00000)
  from space 352768K, 99% used [0x0000000794e00000,0x00000007aa60c598,0x00000007aa680000)
  to   space 353792K, 0% used [0x00000007aa680000,0x00000007aa680000,0x00000007c0000000)
 ParOldGen       total 491520K, used 268467K [0x00000006c0000000, 0x00000006de000000, 0x000000076ab00000)
  object space 491520K, 54% used [0x00000006c0000000,0x00000006d062ce48,0x00000006de000000)
 Metaspace       used 93330K, capacity 97556K, committed 97688K, reserved 1134592K
  class space    used 11942K, capacity 12855K, committed 12976K, reserved 1048576K
Event: 484.305 GC heap after
Heap after GC invocations=35 (full 7):
 PSYoungGen      total 819712K, used 353783K [0x000000076ab00000, 0x00000007c0000000, 0x00000007c0000000)
  eden space 465920K, 0% used [0x000000076ab00000,0x000000076ab00000,0x0000000787200000)
  from space 353792K, 99% used [0x00000007aa680000,0x00000007bfffdd38,0x00000007c0000000)
  to   space 465920K, 0% used [0x0000000787200000,0x0000000787200000,0x00000007a3900000)
 ParOldGen       total 491520K, used 366202K [0x00000006c0000000, 0x00000006de000000, 0x000000076ab00000)
  object space 491520K, 74% used [0x00000006c0000000,0x00000006d659ea08,0x00000006de000000)
 Metaspace       used 93330K, capacity 97556K, committed 97688K, reserved 1134592K
  class space    used 11942K, capacity 12855K, committed 12976K, reserved 1048576K
}
Event: 484.305 GC heap before
{Heap before GC invocations=36 (full 8):
 PSYoungGen      total 819712K, used 353783K [0x000000076ab00000, 0x00000007c0000000, 0x00000007c0000000)
  eden space 465920K, 0% used [0x000000076ab00000,0x000000076ab00000,0x0000000787200000)
  from space 353792K, 99% used [0x00000007aa680000,0x00000007bfffdd38,0x00000007c0000000)
  to   space 465920K, 0% used [0x0000000787200000,0x0000000787200000,0x00000007a3900000)
 ParOldGen       total 491520K, used 366202K [0x00000006c0000000, 0x00000006de000000, 0x000000076ab00000)
  object space 491520K, 74% used [0x00000006c0000000,0x00000006d659ea08,0x00000006de000000)
 Metaspace       used 93330K, capacity 97556K, committed 97688K, reserved 1134592K
  class space    used 11942K, capacity 12855K, committed 12976K, reserved 1048576K

